<?xml version="1.0" encoding="UTF-8"?>
<coverage generated="1732043281638" clover="3.2.0">
  <project timestamp="1732043281638" name="All files">
    <metrics statements="87" coveredstatements="70" conditionals="61" coveredconditionals="49" methods="32" coveredmethods="19" elements="180" coveredelements="138" complexity="0" loc="87" ncloc="87" packages="1" files="5" classes="5"/>
    <file name="BodyImages.tsx" path="D:\New folder\assignment-nextjs\client\components\BodyImages.tsx">
      <metrics statements="20" coveredstatements="19" conditionals="8" coveredconditionals="8" methods="11" coveredmethods="8"/>
      <line num="2" count="1" type="stmt"/>
      <line num="8" count="1" type="stmt"/>
      <line num="17" count="1" type="stmt"/>
      <line num="18" count="24" type="stmt"/>
      <line num="19" count="24" type="stmt"/>
      <line num="20" count="24" type="stmt"/>
      <line num="23" count="24" type="stmt"/>
      <line num="24" count="7" type="cond" truecount="3" falsecount="0"/>
      <line num="25" count="6" type="stmt"/>
      <line num="29" count="24" type="stmt"/>
      <line num="30" count="4" type="stmt"/>
      <line num="31" count="4" type="stmt"/>
      <line num="34" count="24" type="stmt"/>
      <line num="36" count="24" type="stmt"/>
      <line num="37" count="24" type="stmt"/>
      <line num="39" count="24" type="stmt"/>
      <line num="46" count="120" type="stmt"/>
      <line num="51" count="4" type="stmt"/>
      <line num="61" count="0" type="stmt"/>
      <line num="114" count="7" type="stmt"/>
    </file>
    <file name="BookingCard.tsx" path="D:\New folder\assignment-nextjs\client\components\BookingCard.tsx">
      <metrics statements="24" coveredstatements="12" conditionals="15" coveredconditionals="3" methods="9" coveredmethods="1"/>
      <line num="1" count="1" type="stmt"/>
      <line num="2" count="1" type="stmt"/>
      <line num="4" count="1" type="stmt"/>
      <line num="5" count="4" type="stmt"/>
      <line num="6" count="4" type="stmt"/>
      <line num="7" count="4" type="stmt"/>
      <line num="8" count="4" type="stmt"/>
      <line num="10" count="4" type="stmt"/>
      <line num="12" count="4" type="stmt"/>
      <line num="14" count="4" type="stmt"/>
      <line num="16" count="4" type="stmt"/>
      <line num="17" count="0" type="cond" truecount="0" falsecount="2"/>
      <line num="18" count="0" type="stmt"/>
      <line num="19" count="0" type="stmt"/>
      <line num="22" count="0" type="cond" truecount="0" falsecount="1"/>
      <line num="23" count="0" type="stmt"/>
      <line num="25" count="0" type="cond" truecount="0" falsecount="3"/>
      <line num="26" count="0" type="stmt"/>
      <line num="84" count="0" type="stmt"/>
      <line num="94" count="0" type="stmt"/>
      <line num="108" count="0" type="stmt"/>
      <line num="118" count="0" type="stmt"/>
      <line num="131" count="0" type="stmt"/>
      <line num="172" count="4" type="stmt"/>
    </file>
    <file name="Footer.tsx" path="D:\New folder\assignment-nextjs\client\components\Footer.tsx">
      <metrics statements="6" coveredstatements="6" conditionals="6" coveredconditionals="6" methods="1" coveredmethods="1"/>
      <line num="1" count="1" type="stmt"/>
      <line num="13" count="1" type="stmt"/>
      <line num="15" count="6" type="cond" truecount="2" falsecount="0"/>
      <line num="16" count="6" type="cond" truecount="2" falsecount="0"/>
      <line num="17" count="6" type="cond" truecount="2" falsecount="0"/>
      <line num="51" count="6" type="stmt"/>
    </file>
    <file name="MainBody.tsx" path="D:\New folder\assignment-nextjs\client\components\MainBody.tsx">
      <metrics statements="11" coveredstatements="9" conditionals="18" coveredconditionals="18" methods="3" coveredmethods="2"/>
      <line num="3" count="1" type="stmt"/>
      <line num="5" count="1" type="stmt"/>
      <line num="21" count="1" type="stmt"/>
      <line num="22" count="4" type="stmt"/>
      <line num="28" count="4" type="stmt"/>
      <line num="34" count="4" type="stmt"/>
      <line num="36" count="4" type="stmt"/>
      <line num="37" count="0" type="stmt"/>
      <line num="38" count="0" type="stmt"/>
      <line num="70" count="24" type="stmt"/>
      <line num="119" count="4" type="stmt"/>
    </file>
    <file name="SubNavbar.tsx" path="D:\New folder\assignment-nextjs\client\components\SubNavbar.tsx">
      <metrics statements="26" coveredstatements="24" conditionals="14" coveredconditionals="14" methods="8" coveredmethods="7"/>
      <line num="3" count="1" type="stmt"/>
      <line num="13" count="1" type="stmt"/>
      <line num="14" count="14" type="stmt"/>
      <line num="15" count="14" type="stmt"/>
      <line num="18" count="14" type="stmt"/>
      <line num="19" count="8" type="stmt"/>
      <line num="20" count="8" type="cond" truecount="1" falsecount="0"/>
      <line num="21" count="1" type="stmt"/>
      <line num="26" count="14" type="stmt"/>
      <line num="27" count="11" type="stmt"/>
      <line num="30" count="14" type="stmt"/>
      <line num="31" count="2" type="stmt"/>
      <line num="34" count="14" type="stmt"/>
      <line num="35" count="3" type="stmt"/>
      <line num="38" count="14" type="stmt"/>
      <line num="39" count="0" type="stmt"/>
      <line num="42" count="14" type="stmt"/>
      <line num="43" count="1" type="stmt"/>
      <line num="44" count="1" type="stmt"/>
      <line num="45" count="1" type="stmt"/>
      <line num="46" count="1" type="stmt"/>
      <line num="48" count="0" type="stmt"/>
      <line num="53" count="14" type="cond" truecount="2" falsecount="0"/>
      <line num="54" count="14" type="cond" truecount="2" falsecount="0"/>
      <line num="55" count="14" type="cond" truecount="2" falsecount="0"/>
      <line num="155" count="8" type="stmt"/>
    </file>
  </project>
</coverage>
