<?xml version="1.0" encoding="UTF-8"?>
<coverage generated="1732016381822" clover="3.2.0">
  <project timestamp="1732016381822" name="All files">
    <metrics statements="48" coveredstatements="36" conditionals="32" coveredconditionals="24" methods="22" coveredmethods="10" elements="102" coveredelements="70" complexity="0" loc="48" ncloc="48" packages="1" files="2" classes="2"/>
    <file name="BodyImages.tsx" path="/home/w3e10/Desktop/assignment-4-nextjs/client/components/BodyImages.tsx">
      <metrics statements="20" coveredstatements="19" conditionals="8" coveredconditionals="8" methods="11" coveredmethods="8"/>
      <line num="2" count="1" type="stmt"/>
      <line num="8" count="1" type="stmt"/>
      <line num="17" count="1" type="stmt"/>
      <line num="18" count="24" type="stmt"/>
      <line num="19" count="24" type="stmt"/>
      <line num="20" count="24" type="stmt"/>
      <line num="23" count="24" type="stmt"/>
      <line num="24" count="8" type="cond" truecount="3" falsecount="0"/>
      <line num="25" count="7" type="stmt"/>
      <line num="29" count="24" type="stmt"/>
      <line num="30" count="5" type="stmt"/>
      <line num="31" count="5" type="stmt"/>
      <line num="34" count="24" type="stmt"/>
      <line num="36" count="24" type="stmt"/>
      <line num="37" count="24" type="stmt"/>
      <line num="39" count="24" type="stmt"/>
      <line num="46" count="90" type="stmt"/>
      <line num="51" count="5" type="stmt"/>
      <line num="61" count="0" type="stmt"/>
      <line num="114" count="8" type="stmt"/>
    </file>
    <file name="MainBody.tsx" path="/home/w3e10/Desktop/assignment-4-nextjs/client/components/MainBody.tsx">
      <metrics statements="28" coveredstatements="17" conditionals="24" coveredconditionals="16" methods="11" coveredmethods="2"/>
      <line num="3" count="1" type="stmt"/>
      <line num="4" count="1" type="stmt"/>
      <line num="18" count="1" type="stmt"/>
      <line num="19" count="4" type="stmt"/>
      <line num="20" count="4" type="stmt"/>
      <line num="21" count="4" type="stmt"/>
      <line num="23" count="4" type="stmt"/>
      <line num="25" count="4" type="stmt"/>
      <line num="26" count="0" type="cond" truecount="0" falsecount="2"/>
      <line num="27" count="0" type="stmt"/>
      <line num="28" count="0" type="cond" truecount="0" falsecount="1"/>
      <line num="29" count="0" type="cond" truecount="0" falsecount="3"/>
      <line num="30" count="0" type="stmt"/>
      <line num="35" count="4" type="stmt"/>
      <line num="36" count="4" type="stmt"/>
      <line num="37" count="4" type="stmt"/>
      <line num="38" count="4" type="stmt"/>
      <line num="39" count="4" type="stmt"/>
      <line num="40" count="4" type="stmt"/>
      <line num="41" count="4" type="stmt"/>
      <line num="71" count="24" type="stmt"/>
      <line num="110" count="0" type="stmt"/>
      <line num="124" count="0" type="stmt"/>
      <line num="126" count="0" type="stmt"/>
      <line num="132" count="0" type="stmt"/>
      <line num="134" count="0" type="stmt"/>
      <line num="139" count="0" type="stmt"/>
      <line num="153" count="4" type="stmt"/>
    </file>
  </project>
</coverage>
