{"/home/w3e10/Desktop/assignment-4-nextjs/client/components/BodyImages.tsx": {"path":"/home/w3e10/Desktop/assignment-4-nextjs/client/components/BodyImages.tsx","statementMap":{"0":{"start":{"line":114,"column":0},"end":{"line":114,"column":15}},"1":{"start":{"line":2,"column":36},"end":{"line":2,"column":null}},"2":{"start":{"line":8,"column":22},"end":{"line":15,"column":3}},"3":{"start":{"line":17,"column":46},"end":{"line":112,"column":null}},"4":{"start":{"line":18,"column":40},"end":{"line":18,"column":null}},"5":{"start":{"line":19,"column":42},"end":{"line":19,"column":null}},"6":{"start":{"line":20,"column":44},"end":{"line":20,"column":79}},"7":{"start":{"line":23,"column":2},"end":{"line":27,"column":null}},"8":{"start":{"line":24,"column":4},"end":{"line":26,"column":null}},"9":{"start":{"line":25,"column":6},"end":{"line":25,"column":32}},"10":{"start":{"line":29,"column":21},"end":{"line":32,"column":null}},"11":{"start":{"line":30,"column":4},"end":{"line":30,"column":null}},"12":{"start":{"line":31,"column":4},"end":{"line":31,"column":null}},"13":{"start":{"line":34,"column":22},"end":{"line":34,"column":null}},"14":{"start":{"line":34,"column":28},"end":{"line":34,"column":null}},"15":{"start":{"line":36,"column":20},"end":{"line":36,"column":null}},"16":{"start":{"line":36,"column":26},"end":{"line":36,"column":null}},"17":{"start":{"line":36,"column":52},"end":{"line":36,"column":null}},"18":{"start":{"line":37,"column":20},"end":{"line":37,"column":null}},"19":{"start":{"line":37,"column":26},"end":{"line":37,"column":null}},"20":{"start":{"line":37,"column":52},"end":{"line":37,"column":null}},"21":{"start":{"line":39,"column":26},"end":{"line":39,"column":null}},"22":{"start":{"line":46,"column":10},"end":{"line":47,"column":null}},"23":{"start":{"line":51,"column":27},"end":{"line":51,"column":null}},"24":{"start":{"line":61,"column":31},"end":{"line":61,"column":null}},"25":{"start":{"line":114,"column":15},"end":{"line":114,"column":null}}},"fnMap":{"0":{"name":"(anonymous_1)","decl":{"start":{"line":17,"column":46},"end":{"line":17,"column":47}},"loc":{"start":{"line":17,"column":57},"end":{"line":112,"column":null}}},"1":{"name":"(anonymous_2)","decl":{"start":{"line":23,"column":12},"end":{"line":23,"column":null}},"loc":{"start":{"line":23,"column":12},"end":{"line":27,"column":5}}},"2":{"name":"(anonymous_3)","decl":{"start":{"line":29,"column":21},"end":{"line":29,"column":22}},"loc":{"start":{"line":29,"column":22},"end":{"line":32,"column":null}}},"3":{"name":"(anonymous_4)","decl":{"start":{"line":34,"column":22},"end":{"line":34,"column":28}},"loc":{"start":{"line":34,"column":28},"end":{"line":34,"column":null}}},"4":{"name":"(anonymous_5)","decl":{"start":{"line":36,"column":20},"end":{"line":36,"column":26}},"loc":{"start":{"line":36,"column":26},"end":{"line":36,"column":null}}},"5":{"name":"(anonymous_6)","decl":{"start":{"line":36,"column":42},"end":{"line":36,"column":43}},"loc":{"start":{"line":36,"column":52},"end":{"line":36,"column":null}}},"6":{"name":"(anonymous_7)","decl":{"start":{"line":37,"column":20},"end":{"line":37,"column":26}},"loc":{"start":{"line":37,"column":26},"end":{"line":37,"column":null}}},"7":{"name":"(anonymous_8)","decl":{"start":{"line":37,"column":42},"end":{"line":37,"column":43}},"loc":{"start":{"line":37,"column":52},"end":{"line":37,"column":null}}},"8":{"name":"(anonymous_9)","decl":{"start":{"line":45,"column":29},"end":{"line":45,"column":30}},"loc":{"start":{"line":46,"column":10},"end":{"line":47,"column":null}}},"9":{"name":"(anonymous_10)","decl":{"start":{"line":51,"column":21},"end":{"line":51,"column":27}},"loc":{"start":{"line":51,"column":27},"end":{"line":51,"column":null}}},"10":{"name":"(anonymous_11)","decl":{"start":{"line":61,"column":25},"end":{"line":61,"column":31}},"loc":{"start":{"line":61,"column":31},"end":{"line":61,"column":null}}}},"branchMap":{"0":{"loc":{"start":{"line":24,"column":4},"end":{"line":26,"column":null}},"type":"if","locations":[{"start":{"line":24,"column":4},"end":{"line":26,"column":null}}]},"1":{"loc":{"start":{"line":24,"column":8},"end":{"line":24,"column":37}},"type":"binary-expr","locations":[{"start":{"line":24,"column":8},"end":{"line":24,"column":18}},{"start":{"line":24,"column":18},"end":{"line":24,"column":37}}]},"2":{"loc":{"start":{"line":49,"column":14},"end":{"line":49,"column":null}},"type":"cond-expr","locations":[{"start":{"line":49,"column":28},"end":{"line":49,"column":54}},{"start":{"line":49,"column":54},"end":{"line":49,"column":null}}]},"3":{"loc":{"start":{"line":58,"column":13},"end":{"line":58,"column":53}},"type":"binary-expr","locations":[{"start":{"line":58,"column":13},"end":{"line":58,"column":53}},{"start":{"line":58,"column":53},"end":{"line":58,"column":null}}]},"4":{"loc":{"start":{"line":71,"column":7},"end":{"line":71,"column":null}},"type":"binary-expr","locations":[{"start":{"line":71,"column":7},"end":{"line":71,"column":null}}]}},"s":{"0":8,"1":1,"2":1,"3":1,"4":24,"5":24,"6":24,"7":24,"8":8,"9":7,"10":24,"11":5,"12":5,"13":24,"14":1,"15":24,"16":3,"17":3,"18":24,"19":0,"20":0,"21":24,"22":90,"23":5,"24":0,"25":1},"f":{"0":24,"1":8,"2":5,"3":1,"4":3,"5":3,"6":0,"7":0,"8":90,"9":5,"10":0},"b":{"0":[7],"1":[8,7],"2":[24,66],"3":[90,24],"4":[24]}}
,"/home/w3e10/Desktop/assignment-4-nextjs/client/components/MainBody.tsx": {"path":"/home/w3e10/Desktop/assignment-4-nextjs/client/components/MainBody.tsx","statementMap":{"0":{"start":{"line":153,"column":0},"end":{"line":153,"column":15}},"1":{"start":{"line":3,"column":18},"end":{"line":3,"column":null}},"2":{"start":{"line":4,"column":43},"end":{"line":4,"column":null}},"3":{"start":{"line":18,"column":42},"end":{"line":151,"column":null}},"4":{"start":{"line":19,"column":38},"end":{"line":19,"column":null}},"5":{"start":{"line":20,"column":38},"end":{"line":20,"column":null}},"6":{"start":{"line":21,"column":36},"end":{"line":21,"column":null}},"7":{"start":{"line":23,"column":21},"end":{"line":23,"column":null}},"8":{"start":{"line":25,"column":22},"end":{"line":32,"column":null}},"9":{"start":{"line":26,"column":4},"end":{"line":31,"column":null}},"10":{"start":{"line":27,"column":6},"end":{"line":27,"column":null}},"11":{"start":{"line":27,"column":30},"end":{"line":27,"column":null}},"12":{"start":{"line":28,"column":6},"end":{"line":28,"column":46}},"13":{"start":{"line":28,"column":28},"end":{"line":28,"column":46}},"14":{"start":{"line":29,"column":11},"end":{"line":31,"column":null}},"15":{"start":{"line":30,"column":6},"end":{"line":30,"column":null}},"16":{"start":{"line":30,"column":30},"end":{"line":30,"column":null}},"17":{"start":{"line":35,"column":23},"end":{"line":35,"column":null}},"18":{"start":{"line":36,"column":29},"end":{"line":36,"column":null}},"19":{"start":{"line":37,"column":28},"end":{"line":37,"column":null}},"20":{"start":{"line":38,"column":30},"end":{"line":38,"column":null}},"21":{"start":{"line":39,"column":31},"end":{"line":39,"column":null}},"22":{"start":{"line":40,"column":27},"end":{"line":40,"column":null}},"23":{"start":{"line":41,"column":25},"end":{"line":41,"column":null}},"24":{"start":{"line":71,"column":14},"end":{"line":71,"column":31}},"25":{"start":{"line":110,"column":29},"end":{"line":110,"column":null}},"26":{"start":{"line":124,"column":41},"end":{"line":124,"column":67}},"27":{"start":{"line":126,"column":41},"end":{"line":126,"column":66}},"28":{"start":{"line":132,"column":45},"end":{"line":132,"column":71}},"29":{"start":{"line":134,"column":45},"end":{"line":134,"column":70}},"30":{"start":{"line":139,"column":33},"end":{"line":139,"column":null}},"31":{"start":{"line":153,"column":15},"end":{"line":153,"column":null}}},"fnMap":{"0":{"name":"(anonymous_5)","decl":{"start":{"line":18,"column":42},"end":{"line":18,"column":43}},"loc":{"start":{"line":18,"column":56},"end":{"line":151,"column":null}}},"1":{"name":"(anonymous_6)","decl":{"start":{"line":25,"column":22},"end":{"line":25,"column":23}},"loc":{"start":{"line":25,"column":48},"end":{"line":32,"column":null}}},"2":{"name":"(anonymous_7)","decl":{"start":{"line":27,"column":20},"end":{"line":27,"column":21}},"loc":{"start":{"line":27,"column":30},"end":{"line":27,"column":null}}},"3":{"name":"(anonymous_8)","decl":{"start":{"line":30,"column":20},"end":{"line":30,"column":21}},"loc":{"start":{"line":30,"column":30},"end":{"line":30,"column":null}}},"4":{"name":"(anonymous_9)","decl":{"start":{"line":70,"column":60},"end":{"line":70,"column":61}},"loc":{"start":{"line":71,"column":14},"end":{"line":71,"column":31}}},"5":{"name":"(anonymous_10)","decl":{"start":{"line":110,"column":23},"end":{"line":110,"column":29}},"loc":{"start":{"line":110,"column":29},"end":{"line":110,"column":null}}},"6":{"name":"(anonymous_11)","decl":{"start":{"line":124,"column":35},"end":{"line":124,"column":41}},"loc":{"start":{"line":124,"column":41},"end":{"line":124,"column":67}}},"7":{"name":"(anonymous_12)","decl":{"start":{"line":126,"column":35},"end":{"line":126,"column":41}},"loc":{"start":{"line":126,"column":41},"end":{"line":126,"column":66}}},"8":{"name":"(anonymous_13)","decl":{"start":{"line":132,"column":39},"end":{"line":132,"column":45}},"loc":{"start":{"line":132,"column":45},"end":{"line":132,"column":71}}},"9":{"name":"(anonymous_14)","decl":{"start":{"line":134,"column":39},"end":{"line":134,"column":45}},"loc":{"start":{"line":134,"column":45},"end":{"line":134,"column":70}}},"10":{"name":"(anonymous_15)","decl":{"start":{"line":139,"column":27},"end":{"line":139,"column":33}},"loc":{"start":{"line":139,"column":33},"end":{"line":139,"column":null}}}},"branchMap":{"0":{"loc":{"start":{"line":26,"column":4},"end":{"line":31,"column":null}},"type":"if","locations":[{"start":{"line":26,"column":4},"end":{"line":31,"column":null}},{"start":{"line":29,"column":11},"end":{"line":31,"column":null}}]},"1":{"loc":{"start":{"line":28,"column":6},"end":{"line":28,"column":46}},"type":"if","locations":[{"start":{"line":28,"column":6},"end":{"line":28,"column":46}}]},"2":{"loc":{"start":{"line":29,"column":11},"end":{"line":31,"column":null}},"type":"if","locations":[{"start":{"line":29,"column":11},"end":{"line":31,"column":null}}]},"3":{"loc":{"start":{"line":29,"column":15},"end":{"line":29,"column":51}},"type":"binary-expr","locations":[{"start":{"line":29,"column":15},"end":{"line":29,"column":35}},{"start":{"line":29,"column":35},"end":{"line":29,"column":51}}]},"4":{"loc":{"start":{"line":49,"column":13},"end":{"line":49,"column":null}},"type":"binary-expr","locations":[{"start":{"line":49,"column":13},"end":{"line":49,"column":33}},{"start":{"line":49,"column":33},"end":{"line":49,"column":null}}]},"5":{"loc":{"start":{"line":52,"column":13},"end":{"line":52,"column":null}},"type":"binary-expr","locations":[{"start":{"line":52,"column":13},"end":{"line":52,"column":39}},{"start":{"line":52,"column":39},"end":{"line":52,"column":null}}]},"6":{"loc":{"start":{"line":58,"column":28},"end":{"line":58,"column":null}},"type":"binary-expr","locations":[{"start":{"line":58,"column":28},"end":{"line":58,"column":56}},{"start":{"line":58,"column":56},"end":{"line":58,"column":null}}]},"7":{"loc":{"start":{"line":59,"column":25},"end":{"line":59,"column":null}},"type":"cond-expr","locations":[{"start":{"line":59,"column":37},"end":{"line":59,"column":58}},{"start":{"line":59,"column":61},"end":{"line":59,"column":null}}]},"8":{"loc":{"start":{"line":62,"column":29},"end":{"line":62,"column":null}},"type":"binary-expr","locations":[{"start":{"line":62,"column":29},"end":{"line":62,"column":58}},{"start":{"line":62,"column":58},"end":{"line":62,"column":null}}]},"9":{"loc":{"start":{"line":63,"column":28},"end":{"line":63,"column":null}},"type":"binary-expr","locations":[{"start":{"line":63,"column":28},"end":{"line":63,"column":50}},{"start":{"line":63,"column":50},"end":{"line":63,"column":null}}]},"10":{"loc":{"start":{"line":70,"column":14},"end":{"line":70,"column":53}},"type":"binary-expr","locations":[{"start":{"line":70,"column":14},"end":{"line":70,"column":38}},{"start":{"line":70,"column":38},"end":{"line":70,"column":53}}]},"11":{"loc":{"start":{"line":89,"column":46},"end":{"line":89,"column":null}},"type":"binary-expr","locations":[{"start":{"line":89,"column":46},"end":{"line":89,"column":68}},{"start":{"line":89,"column":68},"end":{"line":89,"column":null}}]},"12":{"loc":{"start":{"line":118,"column":11},"end":{"line":118,"column":null}},"type":"binary-expr","locations":[{"start":{"line":118,"column":11},"end":{"line":118,"column":null}}]},"13":{"loc":{"start":{"line":130,"column":19},"end":{"line":130,"column":null}},"type":"binary-expr","locations":[{"start":{"line":130,"column":19},"end":{"line":130,"column":null}}]}},"s":{"0":4,"1":1,"2":1,"3":1,"4":4,"5":4,"6":4,"7":4,"8":4,"9":0,"10":0,"11":0,"12":0,"13":0,"14":0,"15":0,"16":0,"17":4,"18":4,"19":4,"20":4,"21":4,"22":4,"23":4,"24":24,"25":0,"26":0,"27":0,"28":0,"29":0,"30":0,"31":1},"f":{"0":4,"1":0,"2":0,"3":0,"4":24,"5":0,"6":0,"7":0,"8":0,"9":0,"10":0},"b":{"0":[0,0],"1":[0],"2":[0],"3":[0,0],"4":[4,4],"5":[4,4],"6":[4,4],"7":[0,4],"8":[4,4],"9":[4,4],"10":[4,4],"11":[4,4],"12":[4],"13":[0]}}
}
