{"D:\\New folder\\assignment-nextjs\\client\\components\\BodyImages.tsx": {"path":"D:\\New folder\\assignment-nextjs\\client\\components\\BodyImages.tsx","statementMap":{"0":{"start":{"line":114,"column":0},"end":{"line":114,"column":15}},"1":{"start":{"line":2,"column":36},"end":{"line":2,"column":null}},"2":{"start":{"line":8,"column":22},"end":{"line":15,"column":3}},"3":{"start":{"line":17,"column":46},"end":{"line":112,"column":null}},"4":{"start":{"line":18,"column":40},"end":{"line":18,"column":null}},"5":{"start":{"line":19,"column":42},"end":{"line":19,"column":null}},"6":{"start":{"line":20,"column":44},"end":{"line":20,"column":79}},"7":{"start":{"line":23,"column":2},"end":{"line":27,"column":null}},"8":{"start":{"line":24,"column":4},"end":{"line":26,"column":null}},"9":{"start":{"line":25,"column":6},"end":{"line":25,"column":32}},"10":{"start":{"line":29,"column":21},"end":{"line":32,"column":null}},"11":{"start":{"line":30,"column":4},"end":{"line":30,"column":null}},"12":{"start":{"line":31,"column":4},"end":{"line":31,"column":null}},"13":{"start":{"line":34,"column":22},"end":{"line":34,"column":null}},"14":{"start":{"line":34,"column":28},"end":{"line":34,"column":null}},"15":{"start":{"line":36,"column":20},"end":{"line":36,"column":null}},"16":{"start":{"line":36,"column":26},"end":{"line":36,"column":null}},"17":{"start":{"line":36,"column":52},"end":{"line":36,"column":null}},"18":{"start":{"line":37,"column":20},"end":{"line":37,"column":null}},"19":{"start":{"line":37,"column":26},"end":{"line":37,"column":null}},"20":{"start":{"line":37,"column":52},"end":{"line":37,"column":null}},"21":{"start":{"line":39,"column":26},"end":{"line":39,"column":null}},"22":{"start":{"line":46,"column":10},"end":{"line":47,"column":null}},"23":{"start":{"line":51,"column":27},"end":{"line":51,"column":null}},"24":{"start":{"line":61,"column":31},"end":{"line":61,"column":null}},"25":{"start":{"line":114,"column":15},"end":{"line":114,"column":null}}},"fnMap":{"0":{"name":"(anonymous_1)","decl":{"start":{"line":17,"column":46},"end":{"line":17,"column":47}},"loc":{"start":{"line":17,"column":57},"end":{"line":112,"column":null}}},"1":{"name":"(anonymous_2)","decl":{"start":{"line":23,"column":12},"end":{"line":23,"column":null}},"loc":{"start":{"line":23,"column":12},"end":{"line":27,"column":5}}},"2":{"name":"(anonymous_3)","decl":{"start":{"line":29,"column":21},"end":{"line":29,"column":22}},"loc":{"start":{"line":29,"column":22},"end":{"line":32,"column":null}}},"3":{"name":"(anonymous_4)","decl":{"start":{"line":34,"column":22},"end":{"line":34,"column":28}},"loc":{"start":{"line":34,"column":28},"end":{"line":34,"column":null}}},"4":{"name":"(anonymous_5)","decl":{"start":{"line":36,"column":20},"end":{"line":36,"column":26}},"loc":{"start":{"line":36,"column":26},"end":{"line":36,"column":null}}},"5":{"name":"(anonymous_6)","decl":{"start":{"line":36,"column":42},"end":{"line":36,"column":43}},"loc":{"start":{"line":36,"column":52},"end":{"line":36,"column":null}}},"6":{"name":"(anonymous_7)","decl":{"start":{"line":37,"column":20},"end":{"line":37,"column":26}},"loc":{"start":{"line":37,"column":26},"end":{"line":37,"column":null}}},"7":{"name":"(anonymous_8)","decl":{"start":{"line":37,"column":42},"end":{"line":37,"column":43}},"loc":{"start":{"line":37,"column":52},"end":{"line":37,"column":null}}},"8":{"name":"(anonymous_9)","decl":{"start":{"line":45,"column":29},"end":{"line":45,"column":30}},"loc":{"start":{"line":46,"column":10},"end":{"line":47,"column":null}}},"9":{"name":"(anonymous_10)","decl":{"start":{"line":51,"column":21},"end":{"line":51,"column":27}},"loc":{"start":{"line":51,"column":27},"end":{"line":51,"column":null}}},"10":{"name":"(anonymous_11)","decl":{"start":{"line":61,"column":25},"end":{"line":61,"column":31}},"loc":{"start":{"line":61,"column":31},"end":{"line":61,"column":null}}}},"branchMap":{"0":{"loc":{"start":{"line":24,"column":4},"end":{"line":26,"column":null}},"type":"if","locations":[{"start":{"line":24,"column":4},"end":{"line":26,"column":null}}]},"1":{"loc":{"start":{"line":24,"column":8},"end":{"line":24,"column":37}},"type":"binary-expr","locations":[{"start":{"line":24,"column":8},"end":{"line":24,"column":18}},{"start":{"line":24,"column":18},"end":{"line":24,"column":37}}]},"2":{"loc":{"start":{"line":49,"column":14},"end":{"line":49,"column":null}},"type":"cond-expr","locations":[{"start":{"line":49,"column":28},"end":{"line":49,"column":54}},{"start":{"line":49,"column":54},"end":{"line":49,"column":null}}]},"3":{"loc":{"start":{"line":58,"column":13},"end":{"line":58,"column":53}},"type":"binary-expr","locations":[{"start":{"line":58,"column":13},"end":{"line":58,"column":53}},{"start":{"line":58,"column":53},"end":{"line":58,"column":null}}]},"4":{"loc":{"start":{"line":71,"column":7},"end":{"line":71,"column":null}},"type":"binary-expr","locations":[{"start":{"line":71,"column":7},"end":{"line":71,"column":null}}]}},"s":{"0":7,"1":1,"2":1,"3":1,"4":24,"5":24,"6":24,"7":24,"8":7,"9":6,"10":24,"11":4,"12":4,"13":24,"14":1,"15":24,"16":6,"17":6,"18":24,"19":0,"20":0,"21":24,"22":120,"23":4,"24":0,"25":1},"f":{"0":24,"1":7,"2":4,"3":1,"4":6,"5":6,"6":0,"7":0,"8":120,"9":4,"10":0},"b":{"0":[6],"1":[7,6],"2":[24,96],"3":[120,24],"4":[24]}}
,"D:\\New folder\\assignment-nextjs\\client\\components\\BookingCard.tsx": {"path":"D:\\New folder\\assignment-nextjs\\client\\components\\BookingCard.tsx","statementMap":{"0":{"start":{"line":172,"column":0},"end":{"line":172,"column":15}},"1":{"start":{"line":1,"column":25},"end":{"line":1,"column":null}},"2":{"start":{"line":2,"column":7},"end":{"line":2,"column":null}},"3":{"start":{"line":4,"column":26},"end":{"line":170,"column":null}},"4":{"start":{"line":5,"column":38},"end":{"line":5,"column":null}},"5":{"start":{"line":6,"column":38},"end":{"line":6,"column":null}},"6":{"start":{"line":7,"column":40},"end":{"line":7,"column":null}},"7":{"start":{"line":8,"column":36},"end":{"line":8,"column":null}},"8":{"start":{"line":10,"column":25},"end":{"line":10,"column":null}},"9":{"start":{"line":12,"column":20},"end":{"line":12,"column":null}},"10":{"start":{"line":12,"column":26},"end":{"line":12,"column":null}},"11":{"start":{"line":14,"column":21},"end":{"line":14,"column":null}},"12":{"start":{"line":14,"column":27},"end":{"line":14,"column":null}},"13":{"start":{"line":16,"column":22},"end":{"line":28,"column":null}},"14":{"start":{"line":17,"column":4},"end":{"line":27,"column":null}},"15":{"start":{"line":18,"column":28},"end":{"line":18,"column":null}},"16":{"start":{"line":19,"column":6},"end":{"line":19,"column":null}},"17":{"start":{"line":22,"column":6},"end":{"line":24,"column":null}},"18":{"start":{"line":23,"column":8},"end":{"line":23,"column":null}},"19":{"start":{"line":25,"column":11},"end":{"line":27,"column":null}},"20":{"start":{"line":26,"column":6},"end":{"line":26,"column":null}},"21":{"start":{"line":84,"column":33},"end":{"line":84,"column":null}},"22":{"start":{"line":94,"column":33},"end":{"line":94,"column":null}},"23":{"start":{"line":108,"column":33},"end":{"line":108,"column":null}},"24":{"start":{"line":118,"column":33},"end":{"line":118,"column":null}},"25":{"start":{"line":131,"column":35},"end":{"line":131,"column":null}},"26":{"start":{"line":172,"column":15},"end":{"line":172,"column":null}}},"fnMap":{"0":{"name":"(anonymous_1)","decl":{"start":{"line":4,"column":26},"end":{"line":4,"column":null}},"loc":{"start":{"line":4,"column":26},"end":{"line":170,"column":null}}},"1":{"name":"(anonymous_2)","decl":{"start":{"line":12,"column":20},"end":{"line":12,"column":26}},"loc":{"start":{"line":12,"column":26},"end":{"line":12,"column":null}}},"2":{"name":"(anonymous_3)","decl":{"start":{"line":14,"column":21},"end":{"line":14,"column":27}},"loc":{"start":{"line":14,"column":27},"end":{"line":14,"column":null}}},"3":{"name":"(anonymous_4)","decl":{"start":{"line":16,"column":22},"end":{"line":16,"column":23}},"loc":{"start":{"line":16,"column":48},"end":{"line":28,"column":null}}},"4":{"name":"(anonymous_5)","decl":{"start":{"line":84,"column":27},"end":{"line":84,"column":33}},"loc":{"start":{"line":84,"column":33},"end":{"line":84,"column":null}}},"5":{"name":"(anonymous_6)","decl":{"start":{"line":94,"column":27},"end":{"line":94,"column":33}},"loc":{"start":{"line":94,"column":33},"end":{"line":94,"column":null}}},"6":{"name":"(anonymous_7)","decl":{"start":{"line":108,"column":27},"end":{"line":108,"column":33}},"loc":{"start":{"line":108,"column":33},"end":{"line":108,"column":null}}},"7":{"name":"(anonymous_8)","decl":{"start":{"line":118,"column":27},"end":{"line":118,"column":33}},"loc":{"start":{"line":118,"column":33},"end":{"line":118,"column":null}}},"8":{"name":"(anonymous_9)","decl":{"start":{"line":131,"column":28},"end":{"line":131,"column":29}},"loc":{"start":{"line":131,"column":35},"end":{"line":131,"column":null}}}},"branchMap":{"0":{"loc":{"start":{"line":17,"column":4},"end":{"line":27,"column":null}},"type":"if","locations":[{"start":{"line":17,"column":4},"end":{"line":27,"column":null}},{"start":{"line":25,"column":11},"end":{"line":27,"column":null}}]},"1":{"loc":{"start":{"line":22,"column":6},"end":{"line":24,"column":null}},"type":"if","locations":[{"start":{"line":22,"column":6},"end":{"line":24,"column":null}}]},"2":{"loc":{"start":{"line":25,"column":11},"end":{"line":27,"column":null}},"type":"if","locations":[{"start":{"line":25,"column":11},"end":{"line":27,"column":null}}]},"3":{"loc":{"start":{"line":25,"column":15},"end":{"line":25,"column":51}},"type":"binary-expr","locations":[{"start":{"line":25,"column":15},"end":{"line":25,"column":35}},{"start":{"line":25,"column":35},"end":{"line":25,"column":51}}]},"4":{"loc":{"start":{"line":69,"column":41},"end":{"line":69,"column":null}},"type":"cond-expr","locations":[{"start":{"line":69,"column":64},"end":{"line":69,"column":70}},{"start":{"line":69,"column":70},"end":{"line":69,"column":null}}]},"5":{"loc":{"start":{"line":70,"column":13},"end":{"line":70,"column":null}},"type":"binary-expr","locations":[{"start":{"line":70,"column":13},"end":{"line":70,"column":26}},{"start":{"line":70,"column":26},"end":{"line":70,"column":null}}]},"6":{"loc":{"start":{"line":75,"column":9},"end":{"line":75,"column":null}},"type":"binary-expr","locations":[{"start":{"line":75,"column":9},"end":{"line":75,"column":null}}]},"7":{"loc":{"start":{"line":87,"column":20},"end":{"line":87,"column":null}},"type":"cond-expr","locations":[{"start":{"line":87,"column":37},"end":{"line":87,"column":59}},{"start":{"line":87,"column":59},"end":{"line":87,"column":null}}]},"8":{"loc":{"start":{"line":111,"column":20},"end":{"line":111,"column":null}},"type":"cond-expr","locations":[{"start":{"line":111,"column":37},"end":{"line":111,"column":59}},{"start":{"line":111,"column":59},"end":{"line":111,"column":null}}]}},"s":{"0":4,"1":1,"2":1,"3":1,"4":4,"5":4,"6":4,"7":4,"8":4,"9":4,"10":0,"11":4,"12":0,"13":4,"14":0,"15":0,"16":0,"17":0,"18":0,"19":0,"20":0,"21":0,"22":0,"23":0,"24":0,"25":0,"26":1},"f":{"0":4,"1":0,"2":0,"3":0,"4":0,"5":0,"6":0,"7":0,"8":0},"b":{"0":[0,0],"1":[0],"2":[0],"3":[0,0],"4":[4,0],"5":[4,0],"6":[4],"7":[0,0],"8":[0,0]}}
,"D:\\New folder\\assignment-nextjs\\client\\components\\Footer.tsx": {"path":"D:\\New folder\\assignment-nextjs\\client\\components\\Footer.tsx","statementMap":{"0":{"start":{"line":51,"column":0},"end":{"line":51,"column":15}},"1":{"start":{"line":1,"column":18},"end":{"line":1,"column":null}},"2":{"start":{"line":13,"column":38},"end":{"line":49,"column":null}},"3":{"start":{"line":15,"column":19},"end":{"line":15,"column":null}},"4":{"start":{"line":16,"column":20},"end":{"line":16,"column":null}},"5":{"start":{"line":17,"column":22},"end":{"line":17,"column":null}},"6":{"start":{"line":51,"column":15},"end":{"line":51,"column":null}}},"fnMap":{"0":{"name":"(anonymous_2)","decl":{"start":{"line":13,"column":38},"end":{"line":13,"column":39}},"loc":{"start":{"line":13,"column":58},"end":{"line":49,"column":null}}}},"branchMap":{"0":{"loc":{"start":{"line":15,"column":19},"end":{"line":15,"column":null}},"type":"binary-expr","locations":[{"start":{"line":15,"column":19},"end":{"line":15,"column":44}},{"start":{"line":15,"column":44},"end":{"line":15,"column":null}}]},"1":{"loc":{"start":{"line":16,"column":20},"end":{"line":16,"column":null}},"type":"binary-expr","locations":[{"start":{"line":16,"column":20},"end":{"line":16,"column":46}},{"start":{"line":16,"column":46},"end":{"line":16,"column":null}}]},"2":{"loc":{"start":{"line":17,"column":22},"end":{"line":17,"column":null}},"type":"binary-expr","locations":[{"start":{"line":17,"column":22},"end":{"line":17,"column":50}},{"start":{"line":17,"column":50},"end":{"line":17,"column":null}}]}},"s":{"0":6,"1":1,"2":1,"3":6,"4":6,"5":6,"6":1},"f":{"0":6},"b":{"0":[6,4],"1":[6,4],"2":[6,4]}}
,"D:\\New folder\\assignment-nextjs\\client\\components\\MainBody.tsx": {"path":"D:\\New folder\\assignment-nextjs\\client\\components\\MainBody.tsx","statementMap":{"0":{"start":{"line":119,"column":0},"end":{"line":119,"column":15}},"1":{"start":{"line":3,"column":32},"end":{"line":3,"column":null}},"2":{"start":{"line":5,"column":24},"end":{"line":5,"column":null}},"3":{"start":{"line":21,"column":42},"end":{"line":117,"column":null}},"4":{"start":{"line":22,"column":26},"end":{"line":26,"column":null}},"5":{"start":{"line":28,"column":19},"end":{"line":32,"column":null}},"6":{"start":{"line":34,"column":19},"end":{"line":34,"column":32}},"7":{"start":{"line":36,"column":24},"end":{"line":39,"column":null}},"8":{"start":{"line":37,"column":19},"end":{"line":37,"column":93}},"9":{"start":{"line":38,"column":4},"end":{"line":38,"column":null}},"10":{"start":{"line":70,"column":16},"end":{"line":70,"column":33}},"11":{"start":{"line":119,"column":15},"end":{"line":119,"column":null}}},"fnMap":{"0":{"name":"(anonymous_2)","decl":{"start":{"line":21,"column":42},"end":{"line":21,"column":43}},"loc":{"start":{"line":21,"column":56},"end":{"line":117,"column":null}}},"1":{"name":"(anonymous_3)","decl":{"start":{"line":36,"column":24},"end":{"line":36,"column":null}},"loc":{"start":{"line":36,"column":24},"end":{"line":39,"column":null}}},"2":{"name":"(anonymous_4)","decl":{"start":{"line":69,"column":14},"end":{"line":69,"column":15}},"loc":{"start":{"line":70,"column":16},"end":{"line":70,"column":33}}}},"branchMap":{"0":{"loc":{"start":{"line":29,"column":14},"end":{"line":29,"column":61}},"type":"binary-expr","locations":[{"start":{"line":29,"column":14},"end":{"line":29,"column":37}},{"start":{"line":29,"column":37},"end":{"line":29,"column":61}}]},"1":{"loc":{"start":{"line":30,"column":15},"end":{"line":30,"column":64}},"type":"binary-expr","locations":[{"start":{"line":30,"column":15},"end":{"line":30,"column":39}},{"start":{"line":30,"column":39},"end":{"line":30,"column":64}}]},"2":{"loc":{"start":{"line":31,"column":13},"end":{"line":31,"column":58}},"type":"binary-expr","locations":[{"start":{"line":31,"column":13},"end":{"line":31,"column":35}},{"start":{"line":31,"column":35},"end":{"line":31,"column":58}}]},"3":{"loc":{"start":{"line":47,"column":13},"end":{"line":47,"column":null}},"type":"binary-expr","locations":[{"start":{"line":47,"column":13},"end":{"line":47,"column":33}},{"start":{"line":47,"column":33},"end":{"line":47,"column":null}}]},"4":{"loc":{"start":{"line":50,"column":13},"end":{"line":50,"column":null}},"type":"binary-expr","locations":[{"start":{"line":50,"column":13},"end":{"line":50,"column":39}},{"start":{"line":50,"column":39},"end":{"line":50,"column":null}}]},"5":{"loc":{"start":{"line":56,"column":28},"end":{"line":56,"column":null}},"type":"binary-expr","locations":[{"start":{"line":56,"column":28},"end":{"line":56,"column":56}},{"start":{"line":56,"column":56},"end":{"line":56,"column":null}}]},"6":{"loc":{"start":{"line":57,"column":26},"end":{"line":57,"column":null}},"type":"binary-expr","locations":[{"start":{"line":57,"column":26},"end":{"line":57,"column":52}},{"start":{"line":57,"column":52},"end":{"line":57,"column":null}}]},"7":{"loc":{"start":{"line":60,"column":29},"end":{"line":60,"column":null}},"type":"binary-expr","locations":[{"start":{"line":60,"column":29},"end":{"line":60,"column":58}},{"start":{"line":60,"column":58},"end":{"line":60,"column":null}}]},"8":{"loc":{"start":{"line":68,"column":14},"end":{"line":68,"column":113}},"type":"binary-expr","locations":[{"start":{"line":68,"column":14},"end":{"line":68,"column":38}},{"start":{"line":68,"column":38},"end":{"line":68,"column":113}}]}},"s":{"0":4,"1":1,"2":1,"3":1,"4":4,"5":4,"6":4,"7":4,"8":0,"9":0,"10":24,"11":1},"f":{"0":4,"1":0,"2":24},"b":{"0":[4,4],"1":[4,4],"2":[4,4],"3":[4,4],"4":[4,4],"5":[4,4],"6":[4,4],"7":[4,4],"8":[4,4]}}
,"D:\\New folder\\assignment-nextjs\\client\\components\\SubNavbar.tsx": {"path":"D:\\New folder\\assignment-nextjs\\client\\components\\SubNavbar.tsx","statementMap":{"0":{"start":{"line":155,"column":0},"end":{"line":155,"column":15}},"1":{"start":{"line":3,"column":43},"end":{"line":3,"column":null}},"2":{"start":{"line":13,"column":41},"end":{"line":153,"column":null}},"3":{"start":{"line":14,"column":50},"end":{"line":14,"column":null}},"4":{"start":{"line":15,"column":32},"end":{"line":15,"column":null}},"5":{"start":{"line":18,"column":2},"end":{"line":23,"column":null}},"6":{"start":{"line":19,"column":23},"end":{"line":19,"column":null}},"7":{"start":{"line":20,"column":4},"end":{"line":22,"column":null}},"8":{"start":{"line":21,"column":6},"end":{"line":21,"column":null}},"9":{"start":{"line":26,"column":2},"end":{"line":28,"column":null}},"10":{"start":{"line":27,"column":4},"end":{"line":27,"column":null}},"11":{"start":{"line":30,"column":26},"end":{"line":32,"column":null}},"12":{"start":{"line":31,"column":4},"end":{"line":31,"column":null}},"13":{"start":{"line":31,"column":30},"end":{"line":31,"column":null}},"14":{"start":{"line":34,"column":25},"end":{"line":36,"column":null}},"15":{"start":{"line":35,"column":4},"end":{"line":35,"column":null}},"16":{"start":{"line":38,"column":26},"end":{"line":40,"column":null}},"17":{"start":{"line":39,"column":4},"end":{"line":39,"column":null}},"18":{"start":{"line":42,"column":19},"end":{"line":50,"column":null}},"19":{"start":{"line":43,"column":23},"end":{"line":43,"column":43}},"20":{"start":{"line":44,"column":4},"end":{"line":49,"column":null}},"21":{"start":{"line":45,"column":6},"end":{"line":45,"column":null}},"22":{"start":{"line":46,"column":6},"end":{"line":46,"column":null}},"23":{"start":{"line":48,"column":6},"end":{"line":48,"column":null}},"24":{"start":{"line":53,"column":23},"end":{"line":53,"column":null}},"25":{"start":{"line":54,"column":16},"end":{"line":54,"column":null}},"26":{"start":{"line":55,"column":22},"end":{"line":55,"column":null}},"27":{"start":{"line":155,"column":15},"end":{"line":155,"column":null}}},"fnMap":{"0":{"name":"(anonymous_4)","decl":{"start":{"line":13,"column":41},"end":{"line":13,"column":42}},"loc":{"start":{"line":13,"column":55},"end":{"line":153,"column":null}}},"1":{"name":"(anonymous_5)","decl":{"start":{"line":18,"column":12},"end":{"line":18,"column":null}},"loc":{"start":{"line":18,"column":12},"end":{"line":23,"column":5}}},"2":{"name":"(anonymous_6)","decl":{"start":{"line":26,"column":12},"end":{"line":26,"column":null}},"loc":{"start":{"line":26,"column":12},"end":{"line":28,"column":5}}},"3":{"name":"(anonymous_7)","decl":{"start":{"line":30,"column":26},"end":{"line":30,"column":null}},"loc":{"start":{"line":30,"column":26},"end":{"line":32,"column":null}}},"4":{"name":"(anonymous_8)","decl":{"start":{"line":31,"column":15},"end":{"line":31,"column":16}},"loc":{"start":{"line":31,"column":30},"end":{"line":31,"column":null}}},"5":{"name":"(anonymous_9)","decl":{"start":{"line":34,"column":25},"end":{"line":34,"column":null}},"loc":{"start":{"line":34,"column":25},"end":{"line":36,"column":null}}},"6":{"name":"(anonymous_10)","decl":{"start":{"line":38,"column":26},"end":{"line":38,"column":null}},"loc":{"start":{"line":38,"column":26},"end":{"line":40,"column":null}}},"7":{"name":"(anonymous_11)","decl":{"start":{"line":42,"column":19},"end":{"line":42,"column":null}},"loc":{"start":{"line":42,"column":19},"end":{"line":50,"column":null}}}},"branchMap":{"0":{"loc":{"start":{"line":20,"column":4},"end":{"line":22,"column":null}},"type":"if","locations":[{"start":{"line":20,"column":4},"end":{"line":22,"column":null}}]},"1":{"loc":{"start":{"line":53,"column":23},"end":{"line":53,"column":null}},"type":"binary-expr","locations":[{"start":{"line":53,"column":23},"end":{"line":53,"column":45}},{"start":{"line":53,"column":49},"end":{"line":53,"column":null}}]},"2":{"loc":{"start":{"line":54,"column":16},"end":{"line":54,"column":null}},"type":"binary-expr","locations":[{"start":{"line":54,"column":16},"end":{"line":54,"column":36}},{"start":{"line":54,"column":36},"end":{"line":54,"column":null}}]},"3":{"loc":{"start":{"line":55,"column":22},"end":{"line":55,"column":null}},"type":"binary-expr","locations":[{"start":{"line":55,"column":22},"end":{"line":55,"column":48}},{"start":{"line":55,"column":48},"end":{"line":55,"column":null}}]},"4":{"loc":{"start":{"line":78,"column":54},"end":{"line":78,"column":101}},"type":"cond-expr","locations":[{"start":{"line":78,"column":64},"end":{"line":78,"column":83}},{"start":{"line":78,"column":83},"end":{"line":78,"column":101}}]},"5":{"loc":{"start":{"line":82,"column":37},"end":{"line":82,"column":101}},"type":"cond-expr","locations":[{"start":{"line":82,"column":47},"end":{"line":82,"column":73}},{"start":{"line":82,"column":73},"end":{"line":82,"column":101}}]},"6":{"loc":{"start":{"line":84,"column":13},"end":{"line":84,"column":null}},"type":"cond-expr","locations":[{"start":{"line":84,"column":23},"end":{"line":84,"column":33}},{"start":{"line":84,"column":33},"end":{"line":84,"column":null}}]},"7":{"loc":{"start":{"line":90,"column":7},"end":{"line":90,"column":null}},"type":"binary-expr","locations":[{"start":{"line":90,"column":7},"end":{"line":90,"column":null}}]}},"s":{"0":8,"1":1,"2":1,"3":14,"4":14,"5":14,"6":8,"7":8,"8":1,"9":14,"10":11,"11":14,"12":2,"13":2,"14":14,"15":3,"16":14,"17":0,"18":14,"19":1,"20":1,"21":1,"22":1,"23":0,"24":14,"25":14,"26":14,"27":1},"f":{"0":14,"1":8,"2":11,"3":2,"4":2,"5":3,"6":0,"7":1},"b":{"0":[1],"1":[14,2],"2":[14,2],"3":[14,2],"4":[2,12],"5":[2,12],"6":[2,12],"7":[14]}}
}
