TN:
SF:components/BodyImages.tsx
FN:17,(anonymous_1)
FN:23,(anonymous_2)
FN:29,(anonymous_3)
FN:34,(anonymous_4)
FN:36,(anonymous_5)
FN:36,(anonymous_6)
FN:37,(anonymous_7)
FN:37,(anonymous_8)
FN:45,(anonymous_9)
FN:51,(anonymous_10)
FN:61,(anonymous_11)
FNF:11
FNH:8
FNDA:24,(anonymous_1)
FNDA:8,(anonymous_2)
FNDA:5,(anonymous_3)
FNDA:1,(anonymous_4)
FNDA:3,(anonymous_5)
FNDA:3,(anonymous_6)
FNDA:0,(anonymous_7)
FNDA:0,(anonymous_8)
FNDA:90,(anonymous_9)
FNDA:5,(anonymous_10)
FNDA:0,(anonymous_11)
DA:2,1
DA:8,1
DA:17,1
DA:18,24
DA:19,24
DA:20,24
DA:23,24
DA:24,8
DA:25,7
DA:29,24
DA:30,5
DA:31,5
DA:34,24
DA:36,24
DA:37,24
DA:39,24
DA:46,90
DA:51,5
DA:61,0
DA:114,8
LF:20
LH:19
BRDA:24,0,0,7
BRDA:24,1,0,8
BRDA:24,1,1,7
BRDA:49,2,0,24
BRDA:49,2,1,66
BRDA:58,3,0,90
BRDA:58,3,1,24
BRDA:71,4,0,24
BRF:8
BRH:8
end_of_record
TN:
SF:components/MainBody.tsx
FN:18,(anonymous_5)
FN:25,(anonymous_6)
FN:27,(anonymous_7)
FN:30,(anonymous_8)
FN:70,(anonymous_9)
FN:110,(anonymous_10)
FN:124,(anonymous_11)
FN:126,(anonymous_12)
FN:132,(anonymous_13)
FN:134,(anonymous_14)
FN:139,(anonymous_15)
FNF:11
FNH:2
FNDA:4,(anonymous_5)
FNDA:0,(anonymous_6)
FNDA:0,(anonymous_7)
FNDA:0,(anonymous_8)
FNDA:24,(anonymous_9)
FNDA:0,(anonymous_10)
FNDA:0,(anonymous_11)
FNDA:0,(anonymous_12)
FNDA:0,(anonymous_13)
FNDA:0,(anonymous_14)
FNDA:0,(anonymous_15)
DA:3,1
DA:4,1
DA:18,1
DA:19,4
DA:20,4
DA:21,4
DA:23,4
DA:25,4
DA:26,0
DA:27,0
DA:28,0
DA:29,0
DA:30,0
DA:35,4
DA:36,4
DA:37,4
DA:38,4
DA:39,4
DA:40,4
DA:41,4
DA:71,24
DA:110,0
DA:124,0
DA:126,0
DA:132,0
DA:134,0
DA:139,0
DA:153,4
LF:28
LH:17
BRDA:26,0,0,0
BRDA:26,0,1,0
BRDA:28,1,0,0
BRDA:29,2,0,0
BRDA:29,3,0,0
BRDA:29,3,1,0
BRDA:49,4,0,4
BRDA:49,4,1,4
BRDA:52,5,0,4
BRDA:52,5,1,4
BRDA:58,6,0,4
BRDA:58,6,1,4
BRDA:59,7,0,0
BRDA:59,7,1,4
BRDA:62,8,0,4
BRDA:62,8,1,4
BRDA:63,9,0,4
BRDA:63,9,1,4
BRDA:70,10,0,4
BRDA:70,10,1,4
BRDA:89,11,0,4
BRDA:89,11,1,4
BRDA:118,12,0,4
BRDA:130,13,0,0
BRF:24
BRH:16
end_of_record
