TN:
SF:components/BodyImages.tsx
FN:17,(anonymous_1)
FN:23,(anonymous_2)
FN:29,(anonymous_3)
FN:34,(anonymous_4)
FN:36,(anonymous_5)
FN:36,(anonymous_6)
FN:37,(anonymous_7)
FN:37,(anonymous_8)
FN:45,(anonymous_9)
FN:51,(anonymous_10)
FN:61,(anonymous_11)
FNF:11
FNH:8
FNDA:20,(anonymous_1)
FNDA:7,(anonymous_2)
FNDA:4,(anonymous_3)
FNDA:1,(anonymous_4)
FNDA:2,(anonymous_5)
FNDA:2,(anonymous_6)
FNDA:0,(anonymous_7)
FNDA:0,(anonymous_8)
FNDA:76,(anonymous_9)
FNDA:4,(anonymous_10)
FNDA:0,(anonymous_11)
DA:2,1
DA:8,1
DA:17,1
DA:18,20
DA:19,20
DA:20,20
DA:23,20
DA:24,7
DA:25,6
DA:29,20
DA:30,4
DA:31,4
DA:34,20
DA:36,20
DA:37,20
DA:39,20
DA:46,76
DA:51,4
DA:61,0
DA:114,7
LF:20
LH:19
BRDA:24,0,0,6
BRDA:24,1,0,7
BRDA:24,1,1,6
BRDA:49,2,0,20
BRDA:49,2,1,56
BRDA:58,3,0,76
BRDA:58,3,1,20
BRDA:71,4,0,20
BRF:8
BRH:8
end_of_record
